// 重构日志: f02561f9
// 重构日志: 1b9c4803
// 重构日志: 26f73346
// 重构日志: c80de541
// 重构日志: ffd0b8ab
// 重构日志: 4623fea2
// 同步 ID: fb1a2baf @ Mon Jun 29 14:55:14 UTC 2026
// 同步 ID: 02fbe42c @ Tue Jun 30 11:26:35 UTC 2026
// 重构日志: e4424a48
// 同步 ID: 3c41e685 @ Fri Jul  3 17:04:14 UTC 2026
// 同步 ID: 98e2ce45 @ Wed Jul  8 08:11:18 UTC 2026
// 同步 ID: c5270087 @ Sat Jul 11 06:50:07 UTC 2026
// 同步 ID: f00c459c @ Sat Jul 11 21:47:13 UTC 2026
// 重构日志: 7beed560
// 同步 ID: 26483edb @ Tue Jul 14 16:54:22 UTC 2026
// 同步 ID: a5004cd9 @ Wed Jul 15 15:40:20 UTC 2026
// 同步 ID: 851eca76 @ Thu Jul 16 09:52:03 UTC 2026
// 重构日志: 11ad0150
// 重构日志: 76dd98c1
// 同步 ID: af5dac17 @ Sat Jul 18 12:32:08 UTC 2026
// 重构日志: 865f7ba3
// 同步 ID: c68cfed4 @ Sun Jul 19 00:37:26 UTC 2026
// 同步 ID: a00c2a6f @ Sun Jul 19 03:52:14 UTC 2026
// 重构日志: 96633ddc
